Base path: C:/Program Files/Unity/Editor/Data
Pipe name: \\.\pipe\UnityShaderCompiler-64bit-4-40344
Cmd: getPlatforms
Cmd: compileSnippet
  api=0 type=0 insize=982 outsize=10216 kw=DIRECTIONAL SHADOWS_SCREEN LIGHTMAP_OFF DIRLIGHTMAP_OFF DYNAMICLIGHTMAP_OFF ok=1
Cmd: compileSnippet
  api=1 type=1 insize=982 outsize=3588 kw=DIRECTIONAL SHADOWS_OFF LIGHTMAP_OFF DIRLIGHTMAP_OFF DYNAMICLIGHTMAP_OFF ok=1
Cmd: compileSnippet
  api=1 type=0 insize=938 outsize=901 kw=POINT SHADOWS_OFF ok=1
Cmd: compileSnippet
  api=1 type=0 insize=938 outsize=808 kw=DIRECTIONAL SHADOWS_OFF ok=1
Cmd: compileSnippet
  api=1 type=0 insize=938 outsize=915 kw=SPOT SHADOWS_OFF ok=1
Cmd: compileSnippet
  api=4 type=0 insize=938 outsize=4711 kw=SPOT SHADOWS_OFF ok=1
Cmd: compileSnippet
  api=0 type=0 insize=938 outsize=6062 kw=POINT_COOKIE SHADOWS_OFF ok=1
Cmd: compileSnippet
  api=0 type=0 insize=938 outsize=6088 kw=DIRECTIONAL SHADOWS_SCREEN ok=1
Cmd: compileSnippet
  api=4 type=0 insize=938 outsize=4857 kw=POINT SHADOWS_CUBE ok=1
Cmd: compileSnippet
  api=1 type=0 insize=938 outsize=943 kw=POINT_COOKIE SHADOWS_CUBE ok=1
Cmd: compileSnippet
  api=4 type=0 insize=938 outsize=4857 kw=POINT_COOKIE SHADOWS_CUBE ok=1
Cmd: compileSnippet
  api=1 type=0 insize=938 outsize=1005 kw=SPOT SHADOWS_DEPTH SHADOWS_SOFT SHADOWS_NATIVE ok=1
Cmd: compileSnippet
  api=4 type=0 insize=938 outsize=5125 kw=SPOT SHADOWS_DEPTH SHADOWS_SOFT SHADOWS_NATIVE ok=1
Cmd: compileSnippet
  api=0 type=0 insize=938 outsize=7666 kw=POINT SHADOWS_CUBE SHADOWS_SOFT ok=1
Cmd: compileSnippet
  api=4 type=1 insize=938 outsize=5889 kw=POINT SHADOWS_OFF ok=1
Cmd: compileSnippet
  api=4 type=1 insize=938 outsize=6385 kw=SPOT SHADOWS_OFF ok=1
Cmd: compileSnippet
  api=4 type=1 insize=938 outsize=5694 kw=DIRECTIONAL_COOKIE SHADOWS_OFF ok=1
Cmd: compileSnippet
  api=4 type=1 insize=938 outsize=5751 kw=DIRECTIONAL SHADOWS_SCREEN ok=1
Cmd: compileSnippet
  api=4 type=1 insize=938 outsize=6572 kw=POINT SHADOWS_CUBE ok=1
Cmd: compileSnippet
  api=4 type=1 insize=938 outsize=7587 kw=SPOT SHADOWS_DEPTH SHADOWS_SOFT SHADOWS_NATIVE ok=1
Cmd: compileSnippet
  api=4 type=1 insize=938 outsize=7603 kw=POINT_COOKIE SHADOWS_CUBE SHADOWS_SOFT ok=1
Cmd: compileSnippet
  api=1 type=0 insize=751 outsize=814 kw=SHADOWS_DEPTH ok=1
Cmd: compileSnippet
  api=1 type=1 insize=751 outsize=65 kw=SHADOWS_DEPTH ok=1
Cmd: compileSnippet
  api=1 type=0 insize=1152 outsize=842 kw=LIGHTMAP_OFF DIRLIGHTMAP_OFF DYNAMICLIGHTMAP_OFF ok=1
Cmd: compileSnippet
  api=1 type=0 insize=1152 outsize=842 kw=LIGHTMAP_OFF DIRLIGHTMAP_OFF DYNAMICLIGHTMAP_OFF UNITY_HDR_ON ok=1
Cmd: compileSnippet
  api=4 type=1 insize=1152 outsize=7839 kw=LIGHTMAP_OFF DIRLIGHTMAP_OFF DYNAMICLIGHTMAP_OFF ok=1
Cmd: compileSnippet
  api=8 type=0 insize=886 outsize=6330 kw=DIRECTIONAL SHADOWS_OFF LIGHTMAP_OFF DIRLIGHTMAP_OFF DYNAMICLIGHTMAP_OFF ok=1
Cmd: compileSnippet
  api=4 type=0 insize=886 outsize=4654 kw=DIRECTIONAL SHADOWS_SCREEN LIGHTMAP_OFF DIRLIGHTMAP_OFF DYNAMICLIGHTMAP_OFF ok=1
Cmd: compileSnippet
  api=1 type=0 insize=886 outsize=1345 kw=DIRECTIONAL SHADOWS_OFF LIGHTMAP_OFF DIRLIGHTMAP_OFF DYNAMICLIGHTMAP_OFF VERTEXLIGHT_ON ok=1
Cmd: compileSnippet
  api=4 type=0 insize=886 outsize=5710 kw=DIRECTIONAL SHADOWS_OFF LIGHTMAP_OFF DIRLIGHTMAP_OFF DYNAMICLIGHTMAP_OFF VERTEXLIGHT_ON ok=1
Cmd: compileSnippet
  api=8 type=0 insize=886 outsize=8637 kw=DIRECTIONAL SHADOWS_OFF LIGHTMAP_OFF DIRLIGHTMAP_OFF DYNAMICLIGHTMAP_OFF VERTEXLIGHT_ON ok=1
Cmd: compileSnippet
  api=1 type=0 insize=886 outsize=1473 kw=DIRECTIONAL SHADOWS_SCREEN LIGHTMAP_OFF DIRLIGHTMAP_OFF DYNAMICLIGHTMAP_OFF VERTEXLIGHT_ON ok=1
Cmd: compileSnippet
  api=8 type=0 insize=886 outsize=7386 kw=DIRECTIONAL SHADOWS_SCREEN SHADOWS_NATIVE LIGHTMAP_OFF DIRLIGHTMAP_OFF DYNAMICLIGHTMAP_OFF ok=1
Cmd: compileSnippet
  api=1 type=1 insize=886 outsize=1126 kw=DIRECTIONAL SHADOWS_OFF LIGHTMAP_OFF DIRLIGHTMAP_OFF DYNAMICLIGHTMAP_OFF ok=1
Cmd: compileSnippet
  api=4 type=1 insize=886 outsize=4321 kw=DIRECTIONAL SHADOWS_SCREEN LIGHTMAP_OFF DIRLIGHTMAP_OFF DYNAMICLIGHTMAP_OFF ok=1
Cmd: compileSnippet
  api=8 type=0 insize=816 outsize=7272 kw=POINT SHADOWS_OFF ok=1
Cmd: compileSnippet
  api=4 type=0 insize=816 outsize=4175 kw=DIRECTIONAL SHADOWS_OFF ok=1
Cmd: compileSnippet
  api=0 type=0 insize=816 outsize=4938 kw=SPOT SHADOWS_OFF ok=1
Cmd: compileSnippet
  api=1 type=0 insize=816 outsize=837 kw=DIRECTIONAL_COOKIE SHADOWS_OFF ok=1
Cmd: compileSnippet
  api=8 type=0 insize=816 outsize=7093 kw=DIRECTIONAL_COOKIE SHADOWS_OFF ok=1
Cmd: compileSnippet
  api=1 type=0 insize=816 outsize=967 kw=SPOT SHADOWS_DEPTH SHADOWS_NATIVE ok=1
Cmd: compileSnippet
  api=4 type=0 insize=816 outsize=5434 kw=SPOT SHADOWS_DEPTH SHADOWS_NATIVE ok=1
Cmd: compileSnippet
  api=0 type=0 insize=816 outsize=4934 kw=DIRECTIONAL SHADOWS_SCREEN ok=1
Cmd: compileSnippet
  api=0 type=0 insize=816 outsize=5667 kw=POINT_COOKIE SHADOWS_CUBE ok=1
Cmd: compileSnippet
  api=1 type=1 insize=816 outsize=796 kw=POINT SHADOWS_OFF ok=1
Cmd: compileSnippet
  api=4 type=1 insize=816 outsize=2566 kw=DIRECTIONAL SHADOWS_OFF ok=1
Cmd: compileSnippet
  api=8 type=1 insize=816 outsize=5070 kw=SPOT SHADOWS_OFF ok=1
Cmd: compileSnippet
  api=8 type=1 insize=816 outsize=4258 kw=DIRECTIONAL_COOKIE SHADOWS_OFF ok=1
Cmd: compileSnippet
  api=0 type=1 insize=816 outsize=6 kw=DIRECTIONAL SHADOWS_SCREEN ok=1
Cmd: compileSnippet
  api=1 type=1 insize=816 outsize=789 kw=DIRECTIONAL SHADOWS_SCREEN ok=1
Cmd: compileSnippet
  api=4 type=1 insize=816 outsize=3143 kw=DIRECTIONAL_COOKIE SHADOWS_SCREEN ok=1
Cmd: compileSnippet
  api=0 type=1 insize=816 outsize=6 kw=POINT_COOKIE SHADOWS_CUBE ok=1
Cmd: compileSnippet
  api=4 type=1 insize=816 outsize=3752 kw=POINT_COOKIE SHADOWS_CUBE ok=1
Cmd: compileSnippet
  api=4 type=0 insize=600 outsize=3517 kw=SHADOWS_DEPTH ok=1
Cmd: compileSnippet
  api=1 type=0 insize=600 outsize=172 kw=SHADOWS_CUBE ok=1
Cmd: compileSnippet
  api=4 type=0 insize=600 outsize=1404 kw=SHADOWS_CUBE ok=1
Cmd: compileSnippet
  api=4 type=1 insize=600 outsize=364 kw=SHADOWS_DEPTH ok=1
Cmd: compileSnippet
  api=8 type=1 insize=600 outsize=918 kw=SHADOWS_CUBE ok=1
Cmd: compileSnippet
  api=8 type=0 insize=797 outsize=5712 kw=SHADOWS_DEPTH ok=1
Cmd: compileSnippet
  api=8 type=0 insize=797 outsize=2348 kw=SHADOWS_CUBE ok=1
Cmd: compileSnippet
  api=8 type=1 insize=797 outsize=1308 kw=SHADOWS_DEPTH ok=1
Cmd: compileSnippet
  api=1 type=0 insize=9591 outsize=4196 kw= ok=1
Cmd: compileSnippet
  api=0 type=0 insize=9591 outsize=6366 kw=UNITY_COLORSPACE_GAMMA ok=1
Cmd: compileSnippet
  api=8 type=1 insize=9591 outsize=3957 kw= ok=1
Cmd: compileSnippet
  api=0 type=0 insize=634333 outsize=9727 kw=DIRECTIONAL SHADOWS_SCREEN LIGHTMAP_OFF DIRLIGHTMAP_OFF DYNAMICLIGHTMAP_OFF GEOM_TYPE_BRANCH ok=1
Cmd: compileSnippet
  api=0 type=0 insize=634333 outsize=10686 kw=DIRECTIONAL SHADOWS_SCREEN LIGHTMAP_OFF DIRLIGHTMAP_OFF DYNAMICLIGHTMAP_OFF VERTEXLIGHT_ON GEOM_TYPE_BRANCH ok=1
Cmd: compileSnippet
  api=4 type=0 insize=634333 outsize=13405 kw=DIRECTIONAL SHADOWS_OFF LIGHTMAP_OFF DIRLIGHTMAP_OFF DYNAMICLIGHTMAP_OFF LOD_FADE_PERCENTAGE GEOM_TYPE_BRANCH ok=1
Cmd: compileSnippet
  api=0 type=0 insize=634333 outsize=10317 kw=DIRECTIONAL SHADOWS_OFF LIGHTMAP_OFF DIRLIGHTMAP_OFF DYNAMICLIGHTMAP_OFF VERTEXLIGHT_ON LOD_FADE_PERCENTAGE GEOM_TYPE_BRANCH ok=1
Cmd: compileSnippet
  api=4 type=0 insize=634333 outsize=15306 kw=DIRECTIONAL SHADOWS_SCREEN LIGHTMAP_OFF DIRLIGHTMAP_OFF DYNAMICLIGHTMAP_OFF VERTEXLIGHT_ON LOD_FADE_PERCENTAGE GEOM_TYPE_BRANCH ok=1
Cmd: compileSnippet
  api=0 type=0 insize=634333 outsize=10600 kw=DIRECTIONAL SHADOWS_SCREEN LIGHTMAP_OFF DIRLIGHTMAP_OFF DYNAMICLIGHTMAP_OFF LOD_FADE_CROSSFADE GEOM_TYPE_BRANCH ok=1
Cmd: compileSnippet
  api=4 type=0 insize=634333 outsize=15598 kw=DIRECTIONAL SHADOWS_OFF LIGHTMAP_OFF DIRLIGHTMAP_OFF DYNAMICLIGHTMAP_OFF VERTEXLIGHT_ON LOD_FADE_CROSSFADE GEOM_TYPE_BRANCH ok=1
Cmd: compileSnippet
  api=1 type=1 insize=634333 outsize=428 kw=DIRECTIONAL SHADOWS_OFF LIGHTMAP_OFF DIRLIGHTMAP_OFF DYNAMICLIGHTMAP_OFF GEOM_TYPE_BRANCH ok=1
Cmd: compileSnippet
  api=0 type=1 insize=634333 outsize=6 kw=DIRECTIONAL SHADOWS_SCREEN LIGHTMAP_OFF DIRLIGHTMAP_OFF DYNAMICLIGHTMAP_OFF LOD_FADE_PERCENTAGE GEOM_TYPE_BRANCH ok=1
Cmd: compileSnippet
  api=4 type=1 insize=634333 outsize=2013 kw=DIRECTIONAL SHADOWS_SCREEN LIGHTMAP_OFF DIRLIGHTMAP_OFF DYNAMICLIGHTMAP_OFF LOD_FADE_PERCENTAGE GEOM_TYPE_BRANCH ok=1
Cmd: compileSnippet
  api=1 type=1 insize=634333 outsize=695 kw=DIRECTIONAL SHADOWS_SCREEN LIGHTMAP_OFF DIRLIGHTMAP_OFF DYNAMICLIGHTMAP_OFF LOD_FADE_CROSSFADE GEOM_TYPE_BRANCH ok=1
Cmd: compileSnippet
  api=4 type=0 insize=408601 outsize=12665 kw=POINT GEOM_TYPE_BRANCH ok=1
Cmd: compileSnippet
  api=0 type=0 insize=408601 outsize=8796 kw=SPOT GEOM_TYPE_BRANCH ok=1
Cmd: compileSnippet
  api=0 type=0 insize=408601 outsize=8557 kw=DIRECTIONAL_COOKIE GEOM_TYPE_BRANCH ok=1
Cmd: compileSnippet
  api=4 type=0 insize=408601 outsize=12787 kw=POINT LOD_FADE_PERCENTAGE GEOM_TYPE_BRANCH ok=1
Cmd: compileSnippet
  api=4 type=0 insize=408601 outsize=12787 kw=DIRECTIONAL LOD_FADE_PERCENTAGE GEOM_TYPE_BRANCH ok=1
Cmd: compileSnippet
  api=0 type=0 insize=408601 outsize=8847 kw=POINT_COOKIE LOD_FADE_PERCENTAGE GEOM_TYPE_BRANCH ok=1
Cmd: compileSnippet
  api=0 type=0 insize=408601 outsize=9557 kw=POINT LOD_FADE_CROSSFADE GEOM_TYPE_BRANCH ok=1
Cmd: compileSnippet
  api=4 type=0 insize=408601 outsize=13527 kw=DIRECTIONAL LOD_FADE_CROSSFADE GEOM_TYPE_BRANCH ok=1
Cmd: compileSnippet
  api=0 type=0 insize=408601 outsize=9640 kw=POINT_COOKIE LOD_FADE_CROSSFADE GEOM_TYPE_BRANCH ok=1
Cmd: compileSnippet
  api=4 type=0 insize=408601 outsize=13527 kw=DIRECTIONAL_COOKIE LOD_FADE_CROSSFADE GEOM_TYPE_BRANCH ok=1
Cmd: compileSnippet
  api=0 type=1 insize=408601 outsize=6 kw=DIRECTIONAL GEOM_TYPE_BRANCH ok=1
Cmd: compileSnippet
  api=0 type=1 insize=408601 outsize=6 kw=SPOT GEOM_TYPE_BRANCH ok=1
Cmd: compileSnippet
  api=0 type=1 insize=408601 outsize=6 kw=POINT_COOKIE GEOM_TYPE_BRANCH ok=1
Cmd: compileSnippet
  api=1 type=1 insize=408601 outsize=402 kw=DIRECTIONAL_COOKIE GEOM_TYPE_BRANCH ok=1
Cmd: compileSnippet
  api=4 type=1 insize=408601 outsize=1997 kw=POINT LOD_FADE_PERCENTAGE GEOM_TYPE_BRANCH ok=1
Cmd: compileSnippet
  api=1 type=1 insize=408601 outsize=618 kw=SPOT LOD_FADE_PERCENTAGE GEOM_TYPE_BRANCH ok=1
Cmd: compileSnippet
  api=4 type=1 insize=408601 outsize=2184 kw=POINT_COOKIE LOD_FADE_PERCENTAGE GEOM_TYPE_BRANCH ok=1
Cmd: compileSnippet
  api=1 type=1 insize=408601 outsize=671 kw=POINT LOD_FADE_CROSSFADE GEOM_TYPE_BRANCH ok=1
Cmd: compileSnippet
  api=0 type=1 insize=408601 outsize=6 kw=SPOT LOD_FADE_CROSSFADE GEOM_TYPE_BRANCH ok=1
Cmd: compileSnippet
  api=0 type=1 insize=408601 outsize=6 kw=POINT_COOKIE LOD_FADE_CROSSFADE GEOM_TYPE_BRANCH ok=1
Cmd: compileSnippet
  api=4 type=1 insize=408601 outsize=2737 kw=POINT_COOKIE LOD_FADE_CROSSFADE GEOM_TYPE_BRANCH ok=1
Cmd: compileSnippet
  api=1 type=0 insize=357072 outsize=4038 kw=GEOM_TYPE_BRANCH ok=1
Cmd: compileSnippet
  api=1 type=0 insize=357072 outsize=4086 kw=LOD_FADE_PERCENTAGE GEOM_TYPE_BRANCH ok=1
Cmd: compileSnippet
  api=0 type=0 insize=357072 outsize=8825 kw=LOD_FADE_CROSSFADE GEOM_TYPE_BRANCH ok=1
Cmd: compileSnippet
  api=0 type=1 insize=357072 outsize=6 kw=LOD_FADE_PERCENTAGE GEOM_TYPE_BRANCH ok=1
Cmd: compileSnippet
  api=4 type=1 insize=357072 outsize=819 kw=LOD_FADE_PERCENTAGE GEOM_TYPE_BRANCH ok=1
Cmd: compileSnippet
  api=0 type=0 insize=552173 outsize=9594 kw=LIGHTMAP_OFF DIRLIGHTMAP_OFF DYNAMICLIGHTMAP_OFF UNITY_HDR_ON GEOM_TYPE_BRANCH ok=1
Cmd: compileSnippet
  api=1 type=0 insize=552173 outsize=4469 kw=LIGHTMAP_OFF DIRLIGHTMAP_OFF DYNAMICLIGHTMAP_OFF LOD_FADE_PERCENTAGE GEOM_TYPE_BRANCH HDR_LIGHT_PREPASS_OFF ok=1
Cmd: compileSnippet
  api=1 type=0 insize=552173 outsize=4469 kw=LIGHTMAP_OFF DIRLIGHTMAP_OFF DYNAMICLIGHTMAP_OFF UNITY_HDR_ON LOD_FADE_PERCENTAGE GEOM_TYPE_BRANCH ok=1
Cmd: compileSnippet
  api=1 type=0 insize=552173 outsize=4536 kw=LIGHTMAP_OFF DIRLIGHTMAP_OFF DYNAMICLIGHTMAP_OFF LOD_FADE_CROSSFADE GEOM_TYPE_BRANCH HDR_LIGHT_PREPASS_OFF ok=1
Cmd: compileSnippet
  api=1 type=0 insize=552173 outsize=4536 kw=LIGHTMAP_OFF DIRLIGHTMAP_OFF DYNAMICLIGHTMAP_OFF UNITY_HDR_ON LOD_FADE_CROSSFADE GEOM_TYPE_BRANCH ok=1
Cmd: compileSnippet
  api=4 type=1 insize=552173 outsize=1380 kw=LIGHTMAP_OFF DIRLIGHTMAP_OFF DYNAMICLIGHTMAP_OFF GEOM_TYPE_BRANCH HDR_LIGHT_PREPASS_OFF ok=1
Cmd: compileSnippet
  api=0 type=1 insize=552173 outsize=6 kw=LIGHTMAP_OFF DIRLIGHTMAP_OFF DYNAMICLIGHTMAP_OFF LOD_FADE_PERCENTAGE GEOM_TYPE_BRANCH HDR_LIGHT_PREPASS_OFF ok=1
Cmd: compileSnippet
  api=1 type=1 insize=552173 outsize=259 kw=LIGHTMAP_OFF DIRLIGHTMAP_OFF DYNAMICLIGHTMAP_OFF UNITY_HDR_ON LOD_FADE_PERCENTAGE GEOM_TYPE_BRANCH ok=1
Cmd: compileSnippet
  api=4 type=1 insize=552173 outsize=1932 kw=LIGHTMAP_OFF DIRLIGHTMAP_OFF DYNAMICLIGHTMAP_OFF LOD_FADE_CROSSFADE GEOM_TYPE_BRANCH HDR_LIGHT_PREPASS_OFF ok=1
Cmd: compileSnippet
  api=1 type=0 insize=594257 outsize=4221 kw=LIGHTMAP_OFF DIRLIGHTMAP_OFF DYNAMICLIGHTMAP_OFF GEOM_TYPE_BRANCH HDR_LIGHT_PREPASS_OFF ok=1
Cmd: compileSnippet
  api=1 type=0 insize=594257 outsize=4221 kw=LIGHTMAP_OFF DIRLIGHTMAP_OFF DYNAMICLIGHTMAP_OFF UNITY_HDR_ON GEOM_TYPE_BRANCH ok=1
Cmd: compileSnippet
  api=0 type=0 insize=594257 outsize=9634 kw=LIGHTMAP_OFF DIRLIGHTMAP_OFF DYNAMICLIGHTMAP_OFF LOD_FADE_PERCENTAGE GEOM_TYPE_BRANCH HDR_LIGHT_PREPASS_OFF ok=1
Cmd: compileSnippet
  api=0 type=0 insize=594257 outsize=10440 kw=LIGHTMAP_OFF DIRLIGHTMAP_OFF DYNAMICLIGHTMAP_OFF LOD_FADE_CROSSFADE GEOM_TYPE_BRANCH HDR_LIGHT_PREPASS_OFF ok=1
Cmd: compileSnippet
  api=1 type=1 insize=594257 outsize=488 kw=LIGHTMAP_OFF DIRLIGHTMAP_OFF DYNAMICLIGHTMAP_OFF GEOM_TYPE_BRANCH HDR_LIGHT_PREPASS_OFF ok=1
Cmd: compileSnippet
  api=0 type=1 insize=594257 outsize=6 kw=LIGHTMAP_OFF DIRLIGHTMAP_OFF DYNAMICLIGHTMAP_OFF LOD_FADE_PERCENTAGE GEOM_TYPE_BRANCH HDR_LIGHT_PREPASS_OFF ok=1
Cmd: compileSnippet
  api=4 type=1 insize=594257 outsize=2030 kw=LIGHTMAP_OFF DIRLIGHTMAP_OFF DYNAMICLIGHTMAP_OFF LOD_FADE_PERCENTAGE GEOM_TYPE_BRANCH HDR_LIGHT_PREPASS_OFF ok=1
Cmd: compileSnippet
  api=1 type=1 insize=594257 outsize=689 kw=LIGHTMAP_OFF DIRLIGHTMAP_OFF DYNAMICLIGHTMAP_OFF LOD_FADE_CROSSFADE GEOM_TYPE_BRANCH HDR_LIGHT_PREPASS_OFF ok=1
Cmd: compileSnippet
  api=4 type=1 insize=594257 outsize=2533 kw=LIGHTMAP_OFF DIRLIGHTMAP_OFF DYNAMICLIGHTMAP_OFF UNITY_HDR_ON LOD_FADE_CROSSFADE GEOM_TYPE_BRANCH ok=1
Cmd: compileSnippet
  api=1 type=0 insize=1168 outsize=4326 kw=SHADOWS_DEPTH GEOM_TYPE_BRANCH ok=1
Cmd: compileSnippet
  api=0 type=0 insize=1168 outsize=8657 kw=SHADOWS_DEPTH LOD_FADE_PERCENTAGE GEOM_TYPE_BRANCH ok=1
Cmd: compileSnippet
  api=4 type=0 insize=1168 outsize=11633 kw=SHADOWS_CUBE LOD_FADE_PERCENTAGE GEOM_TYPE_BRANCH ok=1
Cmd: compileSnippet
  api=1 type=1 insize=1168 outsize=95 kw=SHADOWS_CUBE GEOM_TYPE_BRANCH ok=1
Cmd: compileSnippet
  api=0 type=1 insize=1168 outsize=6 kw=SHADOWS_CUBE LOD_FADE_PERCENTAGE GEOM_TYPE_BRANCH ok=1
Cmd: compileSnippet
  api=4 type=1 insize=1168 outsize=681 kw=SHADOWS_CUBE LOD_FADE_PERCENTAGE GEOM_TYPE_BRANCH ok=1
Cmd: compileSnippet
  api=1 type=0 insize=1267 outsize=5223 kw=GEOM_TYPE_BRANCH ok=1
Cmd: compileSnippet
  api=1 type=0 insize=1267 outsize=5281 kw=LOD_FADE_PERCENTAGE GEOM_TYPE_BRANCH ok=1
Cmd: compileSnippet
  api=0 type=0 insize=1267 outsize=11276 kw=LOD_FADE_CROSSFADE GEOM_TYPE_BRANCH ok=1
Cmd: compileSnippet
  api=4 type=1 insize=1267 outsize=843 kw=GEOM_TYPE_BRANCH ok=1
Cmd: compileSnippet
  api=4 type=1 insize=1267 outsize=1396 kw=LOD_FADE_CROSSFADE GEOM_TYPE_BRANCH ok=1
Cmd: compileSnippet
  api=8 type=0 insize=99240 outsize=5493 kw=DIRECTIONAL SHADOWS_OFF LIGHTMAP_OFF DIRLIGHTMAP_OFF DYNAMICLIGHTMAP_OFF GEOM_TYPE_BRANCH ok=1
Cmd: compileSnippet
  api=4 type=0 insize=99240 outsize=4240 kw=DIRECTIONAL SHADOWS_SCREEN LIGHTMAP_OFF DIRLIGHTMAP_OFF DYNAMICLIGHTMAP_OFF GEOM_TYPE_BRANCH ok=1
Cmd: compileSnippet
  api=1 type=0 insize=99240 outsize=1141 kw=DIRECTIONAL SHADOWS_OFF LIGHTMAP_OFF DIRLIGHTMAP_OFF DYNAMICLIGHTMAP_OFF VERTEXLIGHT_ON GEOM_TYPE_BRANCH ok=1
Cmd: compileSnippet
  api=4 type=0 insize=99240 outsize=5304 kw=DIRECTIONAL SHADOWS_OFF LIGHTMAP_OFF DIRLIGHTMAP_OFF DYNAMICLIGHTMAP_OFF VERTEXLIGHT_ON GEOM_TYPE_BRANCH ok=1
Cmd: compileSnippet
  api=8 type=0 insize=99240 outsize=7865 kw=DIRECTIONAL SHADOWS_OFF LIGHTMAP_OFF DIRLIGHTMAP_OFF DYNAMICLIGHTMAP_OFF VERTEXLIGHT_ON GEOM_TYPE_BRANCH ok=1
Cmd: compileSnippet
  api=4 type=0 insize=99240 outsize=5694 kw=DIRECTIONAL SHADOWS_SCREEN LIGHTMAP_OFF DIRLIGHTMAP_OFF DYNAMICLIGHTMAP_OFF VERTEXLIGHT_ON GEOM_TYPE_BRANCH ok=1
Cmd: compileSnippet
  api=0 type=0 insize=99240 outsize=2681 kw=DIRECTIONAL SHADOWS_OFF LIGHTMAP_OFF DIRLIGHTMAP_OFF DYNAMICLIGHTMAP_OFF LOD_FADE_PERCENTAGE GEOM_TYPE_BRANCH ok=1
Cmd: compileSnippet
  api=4 type=0 insize=99240 outsize=5475 kw=DIRECTIONAL SHADOWS_OFF LIGHTMAP_OFF DIRLIGHTMAP_OFF DYNAMICLIGHTMAP_OFF VERTEXLIGHT_ON LOD_FADE_PERCENTAGE GEOM_TYPE_BRANCH ok=1
Cmd: compileSnippet
  api=0 type=0 insize=99240 outsize=4121 kw=DIRECTIONAL SHADOWS_SCREEN LIGHTMAP_OFF DIRLIGHTMAP_OFF DYNAMICLIGHTMAP_OFF VERTEXLIGHT_ON LOD_FADE_PERCENTAGE GEOM_TYPE_BRANCH ok=1
Cmd: compileSnippet
  api=4 type=1 insize=99240 outsize=1363 kw=DIRECTIONAL SHADOWS_OFF LIGHTMAP_OFF DIRLIGHTMAP_OFF DYNAMICLIGHTMAP_OFF GEOM_TYPE_BRANCH ok=1
Cmd: compileSnippet
  api=8 type=1 insize=99240 outsize=2714 kw=DIRECTIONAL SHADOWS_SCREEN SHADOWS_NATIVE LIGHTMAP_OFF DIRLIGHTMAP_OFF DYNAMICLIGHTMAP_OFF GEOM_TYPE_BRANCH ok=1
Cmd: compileSnippet
  api=0 type=1 insize=99240 outsize=6 kw=DIRECTIONAL SHADOWS_SCREEN LIGHTMAP_OFF DIRLIGHTMAP_OFF DYNAMICLIGHTMAP_OFF LOD_FADE_PERCENTAGE GEOM_TYPE_BRANCH ok=1
Cmd: compileSnippet
  api=8 type=1 insize=99240 outsize=2714 kw=DIRECTIONAL SHADOWS_SCREEN SHADOWS_NATIVE LIGHTMAP_OFF DIRLIGHTMAP_OFF DYNAMICLIGHTMAP_OFF LOD_FADE_PERCENTAGE GEOM_TYPE_BRANCH ok=1
Cmd: compileSnippet
  api=4 type=0 insize=58481 outsize=2940 kw=POINT GEOM_TYPE_BRANCH ok=1
Cmd: compileSnippet
  api=1 type=0 insize=58481 outsize=413 kw=DIRECTIONAL GEOM_TYPE_BRANCH ok=1
Cmd: compileSnippet
  api=8 type=0 insize=58481 outsize=4201 kw=DIRECTIONAL GEOM_TYPE_BRANCH ok=1
Cmd: compileSnippet
  api=1 type=0 insize=58481 outsize=413 kw=SPOT GEOM_TYPE_BRANCH ok=1
Cmd: compileSnippet
  api=4 type=0 insize=58481 outsize=2940 kw=SPOT GEOM_TYPE_BRANCH ok=1
Cmd: compileSnippet
  api=0 type=0 insize=58481 outsize=2087 kw=POINT_COOKIE GEOM_TYPE_BRANCH ok=1
Cmd: compileSnippet
  api=4 type=0 insize=58481 outsize=3110 kw=POINT LOD_FADE_PERCENTAGE GEOM_TYPE_BRANCH ok=1
Cmd: compileSnippet
  api=0 type=0 insize=58481 outsize=1824 kw=DIRECTIONAL LOD_FADE_PERCENTAGE GEOM_TYPE_BRANCH ok=1
Cmd: compileSnippet
  api=1 type=0 insize=58481 outsize=487 kw=POINT_COOKIE LOD_FADE_PERCENTAGE GEOM_TYPE_BRANCH ok=1
Cmd: compileSnippet
  api=8 type=0 insize=58481 outsize=4518 kw=POINT_COOKIE LOD_FADE_PERCENTAGE GEOM_TYPE_BRANCH ok=1
Cmd: compileSnippet
  api=4 type=0 insize=58481 outsize=3110 kw=DIRECTIONAL_COOKIE LOD_FADE_PERCENTAGE GEOM_TYPE_BRANCH ok=1
Cmd: compileSnippet
  api=8 type=1 insize=58481 outsize=2950 kw=POINT GEOM_TYPE_BRANCH ok=1
Cmd: compileSnippet
  api=0 type=1 insize=58481 outsize=6 kw=SPOT GEOM_TYPE_BRANCH ok=1
Cmd: compileSnippet
  api=4 type=1 insize=58481 outsize=2493 kw=SPOT GEOM_TYPE_BRANCH ok=1
Cmd: compileSnippet
  api=8 type=1 insize=58481 outsize=3258 kw=POINT_COOKIE GEOM_TYPE_BRANCH ok=1
Cmd: compileSnippet
  api=0 type=1 insize=58481 outsize=6 kw=POINT LOD_FADE_PERCENTAGE GEOM_TYPE_BRANCH ok=1
Cmd: compileSnippet
  api=8 type=1 insize=58481 outsize=2950 kw=POINT LOD_FADE_PERCENTAGE GEOM_TYPE_BRANCH ok=1
Cmd: compileSnippet
  api=1 type=1 insize=58481 outsize=608 kw=SPOT LOD_FADE_PERCENTAGE GEOM_TYPE_BRANCH ok=1
Cmd: compileSnippet
  api=4 type=1 insize=58481 outsize=2184 kw=POINT_COOKIE LOD_FADE_PERCENTAGE GEOM_TYPE_BRANCH ok=1
Cmd: compileSnippet
  api=4 type=1 insize=58481 outsize=1721 kw=DIRECTIONAL_COOKIE LOD_FADE_PERCENTAGE GEOM_TYPE_BRANCH ok=1
Cmd: compileSnippet
  api=8 type=0 insize=49708 outsize=4201 kw=GEOM_TYPE_BRANCH ok=1
Cmd: compileSnippet
  api=4 type=0 insize=49708 outsize=3110 kw=LOD_FADE_PERCENTAGE GEOM_TYPE_BRANCH ok=1
Cmd: compileSnippet
  api=1 type=1 insize=49708 outsize=106 kw=GEOM_TYPE_BRANCH ok=1
Cmd: compileSnippet
  api=4 type=1 insize=49708 outsize=819 kw=LOD_FADE_PERCENTAGE GEOM_TYPE_BRANCH ok=1
Cmd: compileSnippet
  api=8 type=0 insize=86883 outsize=6086 kw=LIGHTMAP_OFF DIRLIGHTMAP_OFF DYNAMICLIGHTMAP_OFF GEOM_TYPE_BRANCH HDR_LIGHT_PREPASS_OFF ok=1
Cmd: compileSnippet
  api=4 type=0 insize=86883 outsize=4264 kw=LIGHTMAP_OFF DIRLIGHTMAP_OFF DYNAMICLIGHTMAP_OFF UNITY_HDR_ON GEOM_TYPE_BRANCH ok=1
Cmd: compileSnippet
  api=0 type=0 insize=86883 outsize=3089 kw=LIGHTMAP_OFF DIRLIGHTMAP_OFF DYNAMICLIGHTMAP_OFF LOD_FADE_PERCENTAGE GEOM_TYPE_BRANCH HDR_LIGHT_PREPASS_OFF ok=1
Cmd: compileSnippet
  api=8 type=1 insize=86883 outsize=2056 kw=LIGHTMAP_OFF DIRLIGHTMAP_OFF DYNAMICLIGHTMAP_OFF GEOM_TYPE_BRANCH HDR_LIGHT_PREPASS_OFF ok=1
Cmd: compileSnippet
  api=0 type=1 insize=86883 outsize=6 kw=LIGHTMAP_OFF DIRLIGHTMAP_OFF DYNAMICLIGHTMAP_OFF LOD_FADE_PERCENTAGE GEOM_TYPE_BRANCH HDR_LIGHT_PREPASS_OFF ok=1
Cmd: compileSnippet
  api=1 type=1 insize=86883 outsize=287 kw=LIGHTMAP_OFF DIRLIGHTMAP_OFF DYNAMICLIGHTMAP_OFF LOD_FADE_PERCENTAGE GEOM_TYPE_BRANCH HDR_LIGHT_PREPASS_OFF ok=1
Cmd: compileSnippet
  api=1 type=1 insize=86883 outsize=232 kw=LIGHTMAP_OFF DIRLIGHTMAP_OFF DYNAMICLIGHTMAP_OFF UNITY_HDR_ON LOD_FADE_PERCENTAGE GEOM_TYPE_BRANCH ok=1
Cmd: compileSnippet
  api=4 type=0 insize=88439 outsize=3988 kw=LIGHTMAP_OFF DIRLIGHTMAP_OFF DYNAMICLIGHTMAP_OFF GEOM_TYPE_BRANCH HDR_LIGHT_PREPASS_OFF ok=1
Cmd: compileSnippet
  api=1 type=0 insize=88439 outsize=649 kw=LIGHTMAP_OFF DIRLIGHTMAP_OFF DYNAMICLIGHTMAP_OFF UNITY_HDR_ON GEOM_TYPE_BRANCH ok=1
Cmd: compileSnippet
  api=8 type=0 insize=88439 outsize=5655 kw=LIGHTMAP_OFF DIRLIGHTMAP_OFF DYNAMICLIGHTMAP_OFF UNITY_HDR_ON GEOM_TYPE_BRANCH ok=1
Cmd: compileSnippet
  api=1 type=0 insize=88439 outsize=723 kw=LIGHTMAP_OFF DIRLIGHTMAP_OFF DYNAMICLIGHTMAP_OFF LOD_FADE_PERCENTAGE GEOM_TYPE_BRANCH HDR_LIGHT_PREPASS_OFF ok=1
Cmd: compileSnippet
  api=4 type=0 insize=88439 outsize=4158 kw=LIGHTMAP_OFF DIRLIGHTMAP_OFF DYNAMICLIGHTMAP_OFF LOD_FADE_PERCENTAGE GEOM_TYPE_BRANCH HDR_LIGHT_PREPASS_OFF ok=1
Cmd: compileSnippet
  api=0 type=0 insize=88439 outsize=2851 kw=LIGHTMAP_OFF DIRLIGHTMAP_OFF DYNAMICLIGHTMAP_OFF UNITY_HDR_ON LOD_FADE_PERCENTAGE GEOM_TYPE_BRANCH ok=1
Cmd: compileSnippet
  api=4 type=1 insize=88439 outsize=1664 kw=LIGHTMAP_OFF DIRLIGHTMAP_OFF DYNAMICLIGHTMAP_OFF GEOM_TYPE_BRANCH HDR_LIGHT_PREPASS_OFF ok=1
Cmd: compileSnippet
  api=8 type=1 insize=88439 outsize=2251 kw=LIGHTMAP_OFF DIRLIGHTMAP_OFF DYNAMICLIGHTMAP_OFF UNITY_HDR_ON GEOM_TYPE_BRANCH ok=1
Cmd: compileSnippet
  api=0 type=1 insize=88439 outsize=6 kw=LIGHTMAP_OFF DIRLIGHTMAP_OFF DYNAMICLIGHTMAP_OFF UNITY_HDR_ON LOD_FADE_PERCENTAGE GEOM_TYPE_BRANCH ok=1
Cmd: compileSnippet
  api=4 type=1 insize=88439 outsize=1615 kw=LIGHTMAP_OFF DIRLIGHTMAP_OFF DYNAMICLIGHTMAP_OFF UNITY_HDR_ON LOD_FADE_PERCENTAGE GEOM_TYPE_BRANCH ok=1
Cmd: compileSnippet
  api=4 type=0 insize=1123 outsize=3785 kw=SHADOWS_DEPTH GEOM_TYPE_BRANCH ok=1
Cmd: compileSnippet
  api=1 type=0 insize=1123 outsize=172 kw=SHADOWS_CUBE GEOM_TYPE_BRANCH ok=1
Cmd: compileSnippet
  api=4 type=0 insize=1123 outsize=1672 kw=SHADOWS_CUBE GEOM_TYPE_BRANCH ok=1
Cmd: compileSnippet
  api=0 type=0 insize=1123 outsize=2036 kw=SHADOWS_DEPTH LOD_FADE_PERCENTAGE GEOM_TYPE_BRANCH ok=1
Cmd: compileSnippet
  api=1 type=1 insize=1123 outsize=61 kw=SHADOWS_DEPTH GEOM_TYPE_BRANCH ok=1
Cmd: compileSnippet
  api=4 type=1 insize=1123 outsize=681 kw=SHADOWS_CUBE GEOM_TYPE_BRANCH ok=1
Cmd: compileSnippet
  api=8 type=1 insize=1123 outsize=658 kw=SHADOWS_DEPTH LOD_FADE_PERCENTAGE GEOM_TYPE_BRANCH ok=1
Cmd: compileSnippet
  api=1 type=0 insize=1156 outsize=827 kw=GEOM_TYPE_BRANCH ok=1
Cmd: compileSnippet
  api=0 type=0 insize=1156 outsize=2256 kw=LOD_FADE_PERCENTAGE GEOM_TYPE_BRANCH ok=1
Cmd: compileSnippet
  api=1 type=1 insize=1156 outsize=126 kw=GEOM_TYPE_BRANCH ok=1
Cmd: compileSnippet
  api=4 type=1 insize=1156 outsize=843 kw=LOD_FADE_PERCENTAGE GEOM_TYPE_BRANCH ok=1
Cmd: compileSnippet
  api=1 type=0 insize=541 outsize=832 kw=SHADOWS_DEPTH ok=1
Cmd: compileSnippet
  api=1 type=0 insize=541 outsize=172 kw=SHADOWS_CUBE ok=1
Cmd: compileSnippet
  api=4 type=0 insize=541 outsize=1404 kw=SHADOWS_CUBE ok=1
Cmd: compileSnippet
  api=8 type=0 insize=541 outsize=2040 kw=SHADOWS_CUBE ok=1
Cmd: compileSnippet
  api=1 type=1 insize=541 outsize=61 kw=SHADOWS_DEPTH ok=1
Cmd: compileSnippet
  api=8 type=1 insize=541 outsize=992 kw=SHADOWS_CUBE ok=1
Cmd: compileSnippet
  api=8 type=0 insize=6810 outsize=5217 kw=DIRECTIONAL SHADOWS_OFF LIGHTMAP_OFF DIRLIGHTMAP_OFF DYNAMICLIGHTMAP_OFF ok=1
Cmd: compileSnippet
  api=0 type=0 insize=6810 outsize=3245 kw=DIRECTIONAL SHADOWS_OFF LIGHTMAP_OFF DIRLIGHTMAP_OFF DYNAMICLIGHTMAP_OFF VERTEXLIGHT_ON ok=1
Cmd: compileSnippet
  api=8 type=0 insize=6810 outsize=8645 kw=DIRECTIONAL SHADOWS_SCREEN SHADOWS_NATIVE LIGHTMAP_OFF DIRLIGHTMAP_OFF DYNAMICLIGHTMAP_OFF VERTEXLIGHT_ON ok=1
Cmd: compileSnippet
  api=8 type=1 insize=6810 outsize=1934 kw=DIRECTIONAL SHADOWS_OFF LIGHTMAP_OFF DIRLIGHTMAP_OFF DYNAMICLIGHTMAP_OFF ok=1
Cmd: compileSnippet
  api=8 type=0 insize=3647 outsize=3876 kw=POINT ok=1
Cmd: compileSnippet
  api=8 type=0 insize=3647 outsize=3876 kw=DIRECTIONAL ok=1
Cmd: compileSnippet
  api=1 type=0 insize=3647 outsize=339 kw=SPOT ok=1
Cmd: compileSnippet
  api=4 type=0 insize=3647 outsize=2737 kw=SPOT ok=1
Cmd: compileSnippet
  api=8 type=0 insize=3647 outsize=3876 kw=SPOT ok=1
Cmd: compileSnippet
  api=0 type=0 insize=3647 outsize=1890 kw=POINT_COOKIE ok=1
Cmd: compileSnippet
  api=8 type=1 insize=3647 outsize=2860 kw=POINT ok=1
Cmd: compileSnippet
  api=8 type=1 insize=3647 outsize=3559 kw=SPOT ok=1
Cmd: compileSnippet
  api=4 type=1 insize=3647 outsize=1656 kw=DIRECTIONAL_COOKIE ok=1
Cmd: compileSnippet
  api=8 type=0 insize=2805 outsize=3567 kw= ok=1
Cmd: compileSnippet
  api=8 type=1 insize=2805 outsize=967 kw= ok=1
Cmd: compileSnippet
  api=8 type=0 insize=5974 outsize=5810 kw=LIGHTMAP_OFF DIRLIGHTMAP_OFF DYNAMICLIGHTMAP_OFF HDR_LIGHT_PREPASS_OFF ok=1
Cmd: compileSnippet
  api=4 type=0 insize=5974 outsize=4061 kw=LIGHTMAP_OFF DIRLIGHTMAP_OFF DYNAMICLIGHTMAP_OFF UNITY_HDR_ON ok=1
Cmd: compileSnippet
  api=1 type=1 insize=5974 outsize=267 kw=LIGHTMAP_OFF DIRLIGHTMAP_OFF DYNAMICLIGHTMAP_OFF HDR_LIGHT_PREPASS_OFF ok=1
Cmd: compileSnippet
  api=4 type=1 insize=5974 outsize=1298 kw=LIGHTMAP_OFF DIRLIGHTMAP_OFF DYNAMICLIGHTMAP_OFF UNITY_HDR_ON ok=1
Cmd: compileSnippet
  api=1 type=0 insize=5928 outsize=595 kw=LIGHTMAP_OFF DIRLIGHTMAP_OFF DYNAMICLIGHTMAP_OFF HDR_LIGHT_PREPASS_OFF ok=1
Cmd: compileSnippet
  api=0 type=0 insize=5928 outsize=2526 kw=LIGHTMAP_OFF DIRLIGHTMAP_OFF DYNAMICLIGHTMAP_OFF UNITY_HDR_ON ok=1
Cmd: compileSnippet
  api=1 type=1 insize=5928 outsize=355 kw=LIGHTMAP_OFF DIRLIGHTMAP_OFF DYNAMICLIGHTMAP_OFF HDR_LIGHT_PREPASS_OFF ok=1
Cmd: compileSnippet
  api=4 type=1 insize=5928 outsize=1583 kw=LIGHTMAP_OFF DIRLIGHTMAP_OFF DYNAMICLIGHTMAP_OFF UNITY_HDR_ON ok=1
Cmd: compileSnippet
  api=0 type=0 insize=1275 outsize=2504 kw=DIRECTIONAL SHADOWS_OFF ok=1
Cmd: compileSnippet
  api=1 type=0 insize=1275 outsize=441 kw=POINT_COOKIE SHADOWS_OFF ok=1
Cmd: compileSnippet
  api=0 type=0 insize=1275 outsize=2760 kw=DIRECTIONAL_COOKIE SHADOWS_OFF ok=1
Cmd: compileSnippet
  api=0 type=0 insize=1275 outsize=3018 kw=DIRECTIONAL_COOKIE SHADOWS_SCREEN ok=1
Cmd: compileSnippet
  api=0 type=0 insize=1275 outsize=4126 kw=SPOT SHADOWS_DEPTH SHADOWS_SOFT SHADOWS_NATIVE ok=1
Cmd: compileSnippet
  api=4 type=1 insize=1275 outsize=4500 kw=POINT SHADOWS_OFF ok=1
Cmd: compileSnippet
  api=4 type=1 insize=1275 outsize=5190 kw=SPOT SHADOWS_OFF ok=1
Cmd: compileSnippet
  api=0 type=1 insize=1275 outsize=6 kw=SPOT SHADOWS_DEPTH SHADOWS_NATIVE ok=1
Cmd: compileSnippet
  api=1 type=1 insize=1275 outsize=1777 kw=SPOT SHADOWS_DEPTH SHADOWS_NATIVE ok=1
Cmd: compileSnippet
  api=0 type=1 insize=1275 outsize=6 kw=DIRECTIONAL_COOKIE SHADOWS_SCREEN ok=1
Cmd: compileSnippet
  api=1 type=1 insize=1275 outsize=1451 kw=DIRECTIONAL_COOKIE SHADOWS_SCREEN ok=1
Cmd: compileSnippet
  api=0 type=1 insize=1275 outsize=6 kw=POINT_COOKIE SHADOWS_CUBE ok=1
Cmd: compileSnippet
  api=1 type=1 insize=1275 outsize=1734 kw=POINT_COOKIE SHADOWS_CUBE ok=1
Cmd: compileSnippet
  api=0 type=1 insize=1275 outsize=6 kw=POINT SHADOWS_CUBE SHADOWS_SOFT ok=1
Cmd: compileSnippet
  api=1 type=1 insize=1275 outsize=1894 kw=POINT SHADOWS_CUBE SHADOWS_SOFT ok=1
Cmd: compileSnippet
  api=4 type=1 insize=1275 outsize=6271 kw=POINT_COOKIE SHADOWS_CUBE SHADOWS_SOFT ok=1
Cmd: compileSnippet
  api=1 type=0 insize=1268 outsize=441 kw=POINT SHADOWS_OFF ok=1
Cmd: compileSnippet
  api=1 type=0 insize=1268 outsize=441 kw=DIRECTIONAL SHADOWS_OFF ok=1
Cmd: compileSnippet
  api=0 type=0 insize=1268 outsize=3016 kw=SPOT SHADOWS_OFF ok=1
Cmd: compileSnippet
  api=4 type=0 insize=1268 outsize=1940 kw=DIRECTIONAL_COOKIE SHADOWS_OFF ok=1
Cmd: compileSnippet
  api=1 type=0 insize=1268 outsize=441 kw=SPOT SHADOWS_DEPTH SHADOWS_NATIVE ok=1
Cmd: compileSnippet
  api=4 type=0 insize=1268 outsize=1940 kw=SPOT SHADOWS_DEPTH SHADOWS_NATIVE ok=1
Cmd: compileSnippet
  api=0 type=0 insize=1268 outsize=2815 kw=DIRECTIONAL SHADOWS_SCREEN ok=1
Cmd: compileSnippet
  api=0 type=0 insize=1268 outsize=3475 kw=POINT_COOKIE SHADOWS_CUBE ok=1
Cmd: compileSnippet
  api=0 type=0 insize=1268 outsize=4402 kw=POINT_COOKIE SHADOWS_CUBE SHADOWS_SOFT ok=1
Cmd: compileSnippet
  api=1 type=1 insize=1268 outsize=1363 kw=POINT SHADOWS_OFF ok=1
Cmd: compileSnippet
  api=1 type=1 insize=1268 outsize=1520 kw=SPOT SHADOWS_OFF ok=1
Cmd: compileSnippet
  api=4 type=1 insize=1268 outsize=4467 kw=DIRECTIONAL_COOKIE SHADOWS_OFF ok=1
Cmd: compileSnippet
  api=4 type=1 insize=1268 outsize=4191 kw=DIRECTIONAL SHADOWS_SCREEN ok=1
Cmd: compileSnippet
  api=4 type=1 insize=1268 outsize=4938 kw=POINT SHADOWS_CUBE ok=1
Cmd: compileSnippet
  api=4 type=1 insize=1268 outsize=6604 kw=SPOT SHADOWS_DEPTH SHADOWS_SOFT SHADOWS_NATIVE ok=1
Cmd: compileSnippet
  api=4 type=0 insize=1273 outsize=1940 kw=POINT SHADOWS_OFF ok=1
Cmd: compileSnippet
  api=1 type=0 insize=1273 outsize=441 kw=DIRECTIONAL SHADOWS_OFF ok=1
Cmd: compileSnippet
  api=0 type=0 insize=1273 outsize=3021 kw=SPOT SHADOWS_OFF ok=1
Cmd: compileSnippet
  api=0 type=0 insize=1273 outsize=3545 kw=SPOT SHADOWS_DEPTH SHADOWS_NATIVE ok=1
Cmd: compileSnippet
  api=1 type=0 insize=1273 outsize=441 kw=POINT SHADOWS_CUBE ok=1
Cmd: compileSnippet
  api=4 type=0 insize=1273 outsize=1940 kw=POINT SHADOWS_CUBE ok=1
Cmd: compileSnippet
  api=0 type=0 insize=1273 outsize=3480 kw=POINT_COOKIE SHADOWS_CUBE ok=1
Cmd: compileSnippet
  api=1 type=0 insize=1273 outsize=441 kw=POINT_COOKIE SHADOWS_CUBE SHADOWS_SOFT ok=1
Cmd: compileSnippet
  api=4 type=0 insize=1273 outsize=1940 kw=POINT_COOKIE SHADOWS_CUBE SHADOWS_SOFT ok=1
Cmd: compileSnippet
  api=4 type=1 insize=1273 outsize=4451 kw=POINT SHADOWS_OFF ok=1
Cmd: compileSnippet
  api=0 type=1 insize=1273 outsize=6 kw=POINT_COOKIE SHADOWS_OFF ok=1
Cmd: compileSnippet
  api=4 type=1 insize=1273 outsize=4930 kw=POINT_COOKIE SHADOWS_OFF ok=1
Cmd: compileSnippet
  api=1 type=1 insize=1273 outsize=1703 kw=SPOT SHADOWS_DEPTH SHADOWS_NATIVE ok=1
Cmd: compileSnippet
  api=0 type=1 insize=1273 outsize=6 kw=DIRECTIONAL_COOKIE SHADOWS_SCREEN ok=1
Cmd: compileSnippet
  api=1 type=1 insize=1273 outsize=1377 kw=DIRECTIONAL_COOKIE SHADOWS_SCREEN ok=1
Cmd: compileSnippet
  api=0 type=1 insize=1273 outsize=6 kw=POINT_COOKIE SHADOWS_CUBE ok=1
Cmd: compileSnippet
  api=1 type=1 insize=1273 outsize=1660 kw=POINT_COOKIE SHADOWS_CUBE ok=1
Cmd: compileSnippet
  api=0 type=1 insize=1273 outsize=6 kw=POINT SHADOWS_CUBE SHADOWS_SOFT ok=1
Cmd: compileSnippet
  api=1 type=1 insize=1273 outsize=1820 kw=POINT SHADOWS_CUBE SHADOWS_SOFT ok=1
Cmd: compileSnippet
  api=4 type=1 insize=1273 outsize=6222 kw=POINT_COOKIE SHADOWS_CUBE SHADOWS_SOFT ok=1
Cmd: compileSnippet
  api=1 type=0 insize=1934 outsize=441 kw=POINT SHADOWS_OFF ok=1
Cmd: compileSnippet
  api=1 type=0 insize=1934 outsize=441 kw=DIRECTIONAL SHADOWS_OFF ok=1
Cmd: compileSnippet
  api=0 type=0 insize=1934 outsize=3948 kw=SPOT SHADOWS_OFF ok=1
Cmd: compileSnippet
  api=4 type=0 insize=1934 outsize=1940 kw=DIRECTIONAL_COOKIE SHADOWS_OFF ok=1
Cmd: compileSnippet
  api=1 type=0 insize=1934 outsize=441 kw=SPOT SHADOWS_DEPTH SHADOWS_NATIVE ok=1
Cmd: compileSnippet
  api=4 type=0 insize=1934 outsize=1940 kw=SPOT SHADOWS_DEPTH SHADOWS_NATIVE ok=1
Cmd: compileSnippet
  api=1 type=0 insize=1934 outsize=441 kw=DIRECTIONAL SHADOWS_SCREEN ok=1
Cmd: compileSnippet
  api=4 type=0 insize=1934 outsize=1940 kw=DIRECTIONAL SHADOWS_SCREEN ok=1
Cmd: compileSnippet
  api=0 type=0 insize=1934 outsize=4112 kw=DIRECTIONAL_COOKIE SHADOWS_SCREEN ok=1
Cmd: compileSnippet
  api=0 type=0 insize=1934 outsize=5266 kw=SPOT SHADOWS_DEPTH SHADOWS_SOFT SHADOWS_NATIVE ok=1
Cmd: compileSnippet
  api=1 type=0 insize=1934 outsize=441 kw=POINT SHADOWS_OFF UNITY_HDR_ON ok=1
Cmd: compileSnippet
  api=4 type=0 insize=1934 outsize=1940 kw=POINT SHADOWS_OFF UNITY_HDR_ON ok=1
Cmd: compileSnippet
  api=0 type=0 insize=1934 outsize=3394 kw=DIRECTIONAL SHADOWS_OFF UNITY_HDR_ON ok=1
Cmd: compileSnippet
  api=0 type=0 insize=1934 outsize=3663 kw=DIRECTIONAL_COOKIE SHADOWS_OFF UNITY_HDR_ON ok=1
Cmd: compileSnippet
  api=0 type=0 insize=1934 outsize=4103 kw=DIRECTIONAL_COOKIE SHADOWS_SCREEN UNITY_HDR_ON ok=1
Cmd: compileSnippet
  api=1 type=0 insize=1934 outsize=441 kw=SPOT SHADOWS_DEPTH SHADOWS_SOFT SHADOWS_NATIVE UNITY_HDR_ON ok=1
Cmd: compileSnippet
  api=4 type=0 insize=1934 outsize=1940 kw=SPOT SHADOWS_DEPTH SHADOWS_SOFT SHADOWS_NATIVE UNITY_HDR_ON ok=1
Cmd: compileSnippet
  api=0 type=0 insize=1934 outsize=5126 kw=POINT SHADOWS_CUBE SHADOWS_SOFT UNITY_HDR_ON ok=1
Cmd: compileSnippet
  api=1 type=1 insize=1934 outsize=2194 kw=POINT SHADOWS_OFF ok=1
Cmd: compileSnippet
  api=0 type=1 insize=1934 outsize=6 kw=SPOT SHADOWS_OFF ok=1
Cmd: compileSnippet
  api=1 type=1 insize=1934 outsize=2341 kw=POINT_COOKIE SHADOWS_OFF ok=1
Cmd: compileSnippet
  api=0 type=1 insize=1934 outsize=6 kw=DIRECTIONAL_COOKIE SHADOWS_OFF ok=1
Cmd: compileSnippet
  api=1 type=1 insize=1934 outsize=2747 kw=SPOT SHADOWS_DEPTH SHADOWS_NATIVE ok=1
Cmd: compileSnippet
  api=0 type=1 insize=1934 outsize=6 kw=DIRECTIONAL_COOKIE SHADOWS_SCREEN ok=1
Cmd: compileSnippet
  api=1 type=1 insize=1934 outsize=2477 kw=DIRECTIONAL_COOKIE SHADOWS_SCREEN ok=1
Cmd: compileSnippet
  api=0 type=1 insize=1934 outsize=6 kw=POINT_COOKIE SHADOWS_CUBE ok=1
Cmd: compileSnippet
  api=1 type=1 insize=1934 outsize=2505 kw=POINT_COOKIE SHADOWS_CUBE ok=1
Cmd: compileSnippet
  api=0 type=1 insize=1934 outsize=6 kw=POINT SHADOWS_CUBE SHADOWS_SOFT ok=1
Cmd: compileSnippet
  api=1 type=1 insize=1934 outsize=2695 kw=POINT SHADOWS_CUBE SHADOWS_SOFT ok=1
Cmd: compileSnippet
  api=4 type=1 insize=1934 outsize=8294 kw=POINT_COOKIE SHADOWS_CUBE SHADOWS_SOFT ok=1
Cmd: compileSnippet
  api=4 type=1 insize=1934 outsize=6068 kw=DIRECTIONAL SHADOWS_OFF UNITY_HDR_ON ok=1
Cmd: compileSnippet
  api=1 type=1 insize=1934 outsize=2280 kw=POINT_COOKIE SHADOWS_OFF UNITY_HDR_ON ok=1
Cmd: compileSnippet
  api=0 type=1 insize=1934 outsize=6 kw=SPOT SHADOWS_DEPTH SHADOWS_NATIVE UNITY_HDR_ON ok=1
Cmd: compileSnippet
  api=1 type=1 insize=1934 outsize=2686 kw=SPOT SHADOWS_DEPTH SHADOWS_NATIVE UNITY_HDR_ON ok=1
Cmd: compileSnippet
  api=0 type=1 insize=1934 outsize=6 kw=DIRECTIONAL_COOKIE SHADOWS_SCREEN UNITY_HDR_ON ok=1
Cmd: compileSnippet
  api=1 type=1 insize=1934 outsize=2416 kw=DIRECTIONAL_COOKIE SHADOWS_SCREEN UNITY_HDR_ON ok=1
Cmd: compileSnippet
  api=0 type=1 insize=1934 outsize=6 kw=POINT_COOKIE SHADOWS_CUBE UNITY_HDR_ON ok=1
Cmd: compileSnippet
  api=1 type=1 insize=1934 outsize=2444 kw=POINT_COOKIE SHADOWS_CUBE UNITY_HDR_ON ok=1
Cmd: compileSnippet
  api=0 type=1 insize=1934 outsize=6 kw=POINT SHADOWS_CUBE SHADOWS_SOFT UNITY_HDR_ON ok=1
Cmd: compileSnippet
  api=1 type=1 insize=1934 outsize=2634 kw=POINT SHADOWS_CUBE SHADOWS_SOFT UNITY_HDR_ON ok=1
Cmd: compileSnippet
  api=4 type=0 insize=683 outsize=990 kw= ok=1
Cmd: compileSnippet
  api=4 type=1 insize=683 outsize=705 kw= ok=1
Cmd: compileSnippet
  api=1 type=1 insize=1051 outsize=159 kw= ok=1
Cmd: compileSnippet
  api=8 type=0 insize=1089 outsize=1845 kw= ok=1
Cmd: compileSnippet
  api=1 type=0 insize=6481 outsize=151 kw= ok=1
Cmd: compileSnippet
  api=1 type=1 insize=6481 outsize=9282 kw= ok=1
Cmd: compileSnippet
  api=4 type=0 insize=723 outsize=1055 kw= ok=1
Cmd: compileSnippet
  api=4 type=1 insize=723 outsize=657 kw= ok=1
Cmd: compileSnippet
  api=1 type=0 insize=1079 outsize=159 kw= ok=1
Cmd: compileSnippet
  api=4 type=1 insize=1079 outsize=1510 kw= ok=1
Unhandled exception: Readfile from pipe failed. GLE=The pipe has been ended.


Quitting shader compiler process

Crashed!
